# Logfile created on 2019-04-30 14:58:49 +0530 by logger.rb/1.2.8.1
I, [2019-04-30T14:58:50.050573 #12412]  INFO -- : get => https://www.pivotaltracker.com/services/v5/projects/2333386
D, [2019-04-30T14:58:50.050795 #12412] DEBUG -- request: User-Agent: "Ruby/2.5.5 (x64-mingw32; ruby) TrackerApi/0.2.8 Faraday/0.9.2"
X-TrackerToken: "a05e0eb01f376934597be931d752a8c9"
D, [2019-04-30T14:58:50.050902 #12412] DEBUG -- request.body: nil
I, [2019-04-30T14:58:50.483679 #12412]  INFO -- : 200 <= https://www.pivotaltracker.com/services/v5/projects/2333386
D, [2019-04-30T14:58:50.483898 #12412] DEBUG -- response: Access-Control-Allow-Credentials: "false"
Access-Control-Allow-Headers: "X-TrackerToken,DNT,X-Mx-ReqToken,Keep-Alive,User-Agent,X-Requested-With,If-Modified-Since,Cache-Control,Content-Type,X-Tracker-Warn-Unless-Project-Version-Is"
Access-Control-Allow-Methods: "GET, POST, PUT, DELETE, OPTIONS"
Access-Control-Allow-Origin: "*"
Cache-Control: "max-age=0, private, must-revalidate"
Content-Type: "application/json; charset=utf-8"
Date: "Tue, 30 Apr 2019 09:28:50 GMT"
Etag: "W/\"1b9689579fa211171f91f27442b3de17\""
Server: "nginx + Phusion Passenger"
Status: "200 OK"
Strict-Transport-Security: "max-age=31536000; includeSubDomains; preload"
X-Content-Type-Options: "nosniff, nosniff"
X-Frame-Options: "SAMEORIGIN"
X-Powered-By: "Phusion Passenger"
X-Request-Id: "476b7bfa-8fb1-4ab0-9712-916f7426a06a"
X-Runtime: "0.058060"
X-Tracker-Client-Pinger-Interval: "20"
X-Tracker-Project-Version: "3"
X-Vcap-Request-Id: "e160c707-d653-4167-45f9-90ea08ca0787"
X-Xss-Protection: "1; mode=block"
Content-Length: "725"
Via: "1.1 google"
Alt-Svc: "clear"
D, [2019-04-30T14:58:50.484437 #12412] DEBUG -- response.body: {"id":2333386,"kind":"project","name":"Test Personal","version":3,"iteration_length":1,"week_start_day":"Monday","point_scale":"0,1,2,3","point_scale_is_custom":false,"bugs_and_chores_are_estimatable":false,"automatic_planning":true,"enable_tasks":true,"time_zone":{"kind":"time_zone","olson_name":"America/Los_Angeles","offset":"-07:00"},"velocity_averaged_over":3,"number_of_done_iterations_to_show":4,"has_google_domain":false,"enable_incoming_emails":true,"initial_velocity":10,"public":false,"atom_enabled":false,"project_type":"private","start_time":"2019-04-29T07:00:00Z","created_at":"2019-04-25T10:02:19Z","updated_at":"2019-04-25T11:01:21Z","account_id":1092619,"current_iteration_number":1,"enable_following":true}
I, [2019-04-30T14:58:51.046672 #12412]  INFO -- : get => https://www.pivotaltracker.com/services/v5/projects
D, [2019-04-30T14:58:51.046893 #12412] DEBUG -- request: User-Agent: "Ruby/2.5.5 (x64-mingw32; ruby) TrackerApi/0.2.8 Faraday/0.9.2"
X-TrackerToken: "a05e0eb01f376934597be931d752a8c9"
D, [2019-04-30T14:58:51.047079 #12412] DEBUG -- request.body: nil
I, [2019-04-30T14:58:51.418467 #12412]  INFO -- : 200 <= https://www.pivotaltracker.com/services/v5/projects
D, [2019-04-30T14:58:51.418757 #12412] DEBUG -- response: Access-Control-Allow-Credentials: "false"
Access-Control-Allow-Headers: "X-TrackerToken,DNT,X-Mx-ReqToken,Keep-Alive,User-Agent,X-Requested-With,If-Modified-Since,Cache-Control,Content-Type,X-Tracker-Warn-Unless-Project-Version-Is"
Access-Control-Allow-Methods: "GET, POST, PUT, DELETE, OPTIONS"
Access-Control-Allow-Origin: "*"
Cache-Control: "max-age=0, private, must-revalidate"
Content-Type: "application/json; charset=utf-8"
Date: "Tue, 30 Apr 2019 09:28:51 GMT"
Etag: "W/\"91e773356653b447551f4a9a1a482afa\""
Server: "nginx + Phusion Passenger"
Status: "200 OK"
Strict-Transport-Security: "max-age=31536000; includeSubDomains; preload"
X-Content-Type-Options: "nosniff, nosniff"
X-Frame-Options: "SAMEORIGIN"
X-Powered-By: "Phusion Passenger"
X-Request-Id: "316b0c9f-02db-4ba1-b3bd-78039ca70079"
X-Runtime: "0.043848"
X-Tracker-Client-Pinger-Interval: "20"
X-Vcap-Request-Id: "7810f4b4-b74c-4531-7d3e-02b771830514"
X-Xss-Protection: "1; mode=block"
Content-Length: "727"
Via: "1.1 google"
Alt-Svc: "clear"
D, [2019-04-30T14:58:51.418959 #12412] DEBUG -- response.body: [{"id":2333386,"kind":"project","name":"Test Personal","version":3,"iteration_length":1,"week_start_day":"Monday","point_scale":"0,1,2,3","point_scale_is_custom":false,"bugs_and_chores_are_estimatable":false,"automatic_planning":true,"enable_tasks":true,"time_zone":{"kind":"time_zone","olson_name":"America/Los_Angeles","offset":"-07:00"},"velocity_averaged_over":3,"number_of_done_iterations_to_show":4,"has_google_domain":false,"enable_incoming_emails":true,"initial_velocity":10,"public":false,"atom_enabled":false,"project_type":"private","start_time":"2019-04-29T07:00:00Z","created_at":"2019-04-25T10:02:19Z","updated_at":"2019-04-25T11:01:21Z","account_id":1092619,"current_iteration_number":1,"enable_following":true}]
I, [2019-04-30T14:59:23.857072 #13824]  INFO -- : get => https://www.pivotaltracker.com/services/v5/projects/2333386
D, [2019-04-30T14:59:23.857316 #13824] DEBUG -- request: User-Agent: "Ruby/2.5.5 (x64-mingw32; ruby) TrackerApi/0.2.8 Faraday/0.9.2"
X-TrackerToken: "a05e0eb01f376934597be931d752a8c9"
D, [2019-04-30T14:59:23.857435 #13824] DEBUG -- request.body: nil
I, [2019-04-30T14:59:24.228606 #13824]  INFO -- : 200 <= https://www.pivotaltracker.com/services/v5/projects/2333386
D, [2019-04-30T14:59:24.228809 #13824] DEBUG -- response: Access-Control-Allow-Credentials: "false"
Access-Control-Allow-Headers: "X-TrackerToken,DNT,X-Mx-ReqToken,Keep-Alive,User-Agent,X-Requested-With,If-Modified-Since,Cache-Control,Content-Type,X-Tracker-Warn-Unless-Project-Version-Is"
Access-Control-Allow-Methods: "GET, POST, PUT, DELETE, OPTIONS"
Access-Control-Allow-Origin: "*"
Cache-Control: "max-age=0, private, must-revalidate"
Content-Type: "application/json; charset=utf-8"
Date: "Tue, 30 Apr 2019 09:29:24 GMT"
Etag: "W/\"1b9689579fa211171f91f27442b3de17\""
Server: "nginx + Phusion Passenger"
Status: "200 OK"
Strict-Transport-Security: "max-age=31536000; includeSubDomains; preload"
X-Content-Type-Options: "nosniff, nosniff"
X-Frame-Options: "SAMEORIGIN"
X-Powered-By: "Phusion Passenger"
X-Request-Id: "68bdfe25-9461-4534-b06c-9cc3ff0950da"
X-Runtime: "0.047509"
X-Tracker-Client-Pinger-Interval: "20"
X-Tracker-Project-Version: "3"
X-Vcap-Request-Id: "dad6b32f-09c2-445e-524d-6b836205bf75"
X-Xss-Protection: "1; mode=block"
Content-Length: "725"
Via: "1.1 google"
Alt-Svc: "clear"
D, [2019-04-30T14:59:24.229016 #13824] DEBUG -- response.body: {"id":2333386,"kind":"project","name":"Test Personal","version":3,"iteration_length":1,"week_start_day":"Monday","point_scale":"0,1,2,3","point_scale_is_custom":false,"bugs_and_chores_are_estimatable":false,"automatic_planning":true,"enable_tasks":true,"time_zone":{"kind":"time_zone","olson_name":"America/Los_Angeles","offset":"-07:00"},"velocity_averaged_over":3,"number_of_done_iterations_to_show":4,"has_google_domain":false,"enable_incoming_emails":true,"initial_velocity":10,"public":false,"atom_enabled":false,"project_type":"private","start_time":"2019-04-29T07:00:00Z","created_at":"2019-04-25T10:02:19Z","updated_at":"2019-04-25T11:01:21Z","account_id":1092619,"current_iteration_number":1,"enable_following":true}
I, [2019-04-30T14:59:24.765153 #13824]  INFO -- : get => https://www.pivotaltracker.com/services/v5/projects
D, [2019-04-30T14:59:24.765347 #13824] DEBUG -- request: User-Agent: "Ruby/2.5.5 (x64-mingw32; ruby) TrackerApi/0.2.8 Faraday/0.9.2"
X-TrackerToken: "a05e0eb01f376934597be931d752a8c9"
D, [2019-04-30T14:59:24.765476 #13824] DEBUG -- request.body: nil
I, [2019-04-30T14:59:25.263411 #13824]  INFO -- : 200 <= https://www.pivotaltracker.com/services/v5/projects
D, [2019-04-30T14:59:25.263674 #13824] DEBUG -- response: Access-Control-Allow-Credentials: "false"
Access-Control-Allow-Headers: "X-TrackerToken,DNT,X-Mx-ReqToken,Keep-Alive,User-Agent,X-Requested-With,If-Modified-Since,Cache-Control,Content-Type,X-Tracker-Warn-Unless-Project-Version-Is"
Access-Control-Allow-Methods: "GET, POST, PUT, DELETE, OPTIONS"
Access-Control-Allow-Origin: "*"
Cache-Control: "max-age=0, private, must-revalidate"
Content-Type: "application/json; charset=utf-8"
Date: "Tue, 30 Apr 2019 09:29:25 GMT"
Etag: "W/\"91e773356653b447551f4a9a1a482afa\""
Server: "nginx + Phusion Passenger"
Status: "200 OK"
Strict-Transport-Security: "max-age=31536000; includeSubDomains; preload"
X-Content-Type-Options: "nosniff, nosniff"
X-Frame-Options: "SAMEORIGIN"
X-Powered-By: "Phusion Passenger"
X-Request-Id: "d24c7d8d-5daa-4fcd-a938-272dca154151"
X-Runtime: "0.097749"
X-Tracker-Client-Pinger-Interval: "20"
X-Vcap-Request-Id: "d8408c8a-2a5c-4728-61ff-e23997714351"
X-Xss-Protection: "1; mode=block"
Content-Length: "727"
Via: "1.1 google"
Alt-Svc: "clear"
D, [2019-04-30T14:59:25.264003 #13824] DEBUG -- response.body: [{"id":2333386,"kind":"project","name":"Test Personal","version":3,"iteration_length":1,"week_start_day":"Monday","point_scale":"0,1,2,3","point_scale_is_custom":false,"bugs_and_chores_are_estimatable":false,"automatic_planning":true,"enable_tasks":true,"time_zone":{"kind":"time_zone","olson_name":"America/Los_Angeles","offset":"-07:00"},"velocity_averaged_over":3,"number_of_done_iterations_to_show":4,"has_google_domain":false,"enable_incoming_emails":true,"initial_velocity":10,"public":false,"atom_enabled":false,"project_type":"private","start_time":"2019-04-29T07:00:00Z","created_at":"2019-04-25T10:02:19Z","updated_at":"2019-04-25T11:01:21Z","account_id":1092619,"current_iteration_number":1,"enable_following":true}]
I, [2019-04-30T14:59:29.646961 #13824]  INFO -- : get => https://www.pivotaltracker.com/services/v5/projects/2333386/stories?filter=+state%3Aunstarted%2Crejected%2Cunscheduled%2Cplanned+type%3Afeature%2Cbug%2Cchore&limit=5
D, [2019-04-30T14:59:29.647184 #13824] DEBUG -- request: User-Agent: "Ruby/2.5.5 (x64-mingw32; ruby) TrackerApi/0.2.8 Faraday/0.9.2"
X-TrackerToken: "a05e0eb01f376934597be931d752a8c9"
D, [2019-04-30T14:59:29.647363 #13824] DEBUG -- request.body: nil
I, [2019-04-30T14:59:30.494069 #13824]  INFO -- : 200 <= https://www.pivotaltracker.com/services/v5/projects/2333386/stories?filter=+state%3Aunstarted%2Crejected%2Cunscheduled%2Cplanned+type%3Afeature%2Cbug%2Cchore&limit=5
D, [2019-04-30T14:59:30.494380 #13824] DEBUG -- response: Access-Control-Allow-Credentials: "false"
Access-Control-Allow-Headers: "X-TrackerToken,DNT,X-Mx-ReqToken,Keep-Alive,User-Agent,X-Requested-With,If-Modified-Since,Cache-Control,Content-Type,X-Tracker-Warn-Unless-Project-Version-Is"
Access-Control-Allow-Methods: "GET, POST, PUT, DELETE, OPTIONS"
Access-Control-Allow-Origin: "*"
Cache-Control: "max-age=0, private, must-revalidate"
Content-Type: "application/json; charset=utf-8"
Date: "Tue, 30 Apr 2019 09:29:30 GMT"
Etag: "W/\"53e1ed1b4285a95a480ee8c53ffd118d\""
Server: "nginx + Phusion Passenger"
Status: "200 OK"
Strict-Transport-Security: "max-age=31536000; includeSubDomains; preload"
X-Content-Type-Options: "nosniff, nosniff"
X-Frame-Options: "SAMEORIGIN"
X-Powered-By: "Phusion Passenger"
X-Request-Id: "ab5df3e9-3b01-4883-a951-b9d804eeb826"
X-Runtime: "0.532011"
X-Tracker-Client-Pinger-Interval: "20"
X-Tracker-Pagination-Limit: "5"
X-Tracker-Pagination-Offset: "0"
X-Tracker-Pagination-Returned: "1"
X-Tracker-Pagination-Total: "1"
X-Tracker-Project-Version: "3"
X-Vcap-Request-Id: "915d82e6-1de1-4bc4-5731-1756d5b515d4"
X-Xss-Protection: "1; mode=block"
Content-Length: "304"
Via: "1.1 google"
Alt-Svc: "clear"
D, [2019-04-30T14:59:30.494690 #13824] DEBUG -- response.body: [{"kind":"story","id":165595195,"created_at":"2019-04-25T10:02:38Z","updated_at":"2019-04-26T09:51:17Z","story_type":"feature","name":"Test","current_state":"unstarted","requested_by_id":2898817,"url":"https://www.pivotaltracker.com/story/show/165595195","project_id":2333386,"owner_ids":[],"labels":[]}]
I, [2019-04-30T14:59:57.480588 #13824]  INFO -- : put => https://www.pivotaltracker.com/services/v5/projects/2333386/stories/165595195
D, [2019-04-30T14:59:57.480788 #13824] DEBUG -- request: User-Agent: "Ruby/2.5.5 (x64-mingw32; ruby) TrackerApi/0.2.8 Faraday/0.9.2"
X-TrackerToken: "a05e0eb01f376934597be931d752a8c9"
Content-Type: "application/json"
D, [2019-04-30T14:59:57.480884 #13824] DEBUG -- request.body: {"estimate":1.0}
I, [2019-04-30T14:59:58.064084 #13824]  INFO -- : 200 <= https://www.pivotaltracker.com/services/v5/projects/2333386/stories/165595195
D, [2019-04-30T14:59:58.064303 #13824] DEBUG -- response: Access-Control-Allow-Credentials: "false"
Access-Control-Allow-Headers: "X-TrackerToken,DNT,X-Mx-ReqToken,Keep-Alive,User-Agent,X-Requested-With,If-Modified-Since,Cache-Control,Content-Type,X-Tracker-Warn-Unless-Project-Version-Is"
Access-Control-Allow-Methods: "GET, POST, PUT, DELETE, OPTIONS"
Access-Control-Allow-Origin: "*"
Cache-Control: "max-age=0, private, must-revalidate"
Content-Type: "application/json; charset=utf-8"
Date: "Tue, 30 Apr 2019 09:29:57 GMT"
Etag: "W/\"7c99a063b861714b19354a00ac7045ea\""
Server: "nginx + Phusion Passenger"
Status: "200 OK"
Strict-Transport-Security: "max-age=31536000; includeSubDomains; preload"
X-Content-Type-Options: "nosniff, nosniff"
X-Frame-Options: "SAMEORIGIN"
X-Powered-By: "Phusion Passenger"
X-Request-Id: "9c8d5a76-87c0-46b8-a1e1-1a04779f7d2e"
X-Runtime: "0.221870"
X-Tracker-Client-Pinger-Interval: "20"
X-Tracker-Project-Version: "4"
X-Vcap-Request-Id: "8d964739-f5c5-418a-5e42-004c528891e3"
X-Xss-Protection: "1; mode=block"
Content-Length: "315"
Via: "1.1 google"
Alt-Svc: "clear"
D, [2019-04-30T14:59:58.064497 #13824] DEBUG -- response.body: {"kind":"story","id":165595195,"project_id":2333386,"name":"Test","story_type":"feature","current_state":"unstarted","estimate":1,"requested_by_id":2898817,"owner_ids":[],"labels":[],"created_at":"2019-04-25T10:02:38Z","updated_at":"2019-04-30T09:29:57Z","url":"https://www.pivotaltracker.com/story/show/165595195"}
I, [2019-04-30T14:59:58.657268 #13824]  INFO -- : get => https://www.pivotaltracker.com/services/v5/projects/2333386/stories/165595195/comments
D, [2019-04-30T14:59:58.657426 #13824] DEBUG -- request: User-Agent: "Ruby/2.5.5 (x64-mingw32; ruby) TrackerApi/0.2.8 Faraday/0.9.2"
X-TrackerToken: "a05e0eb01f376934597be931d752a8c9"
D, [2019-04-30T14:59:58.657519 #13824] DEBUG -- request.body: nil
I, [2019-04-30T14:59:59.008799 #13824]  INFO -- : 200 <= https://www.pivotaltracker.com/services/v5/projects/2333386/stories/165595195/comments
D, [2019-04-30T14:59:59.009045 #13824] DEBUG -- response: Access-Control-Allow-Credentials: "false"
Access-Control-Allow-Headers: "X-TrackerToken,DNT,X-Mx-ReqToken,Keep-Alive,User-Agent,X-Requested-With,If-Modified-Since,Cache-Control,Content-Type,X-Tracker-Warn-Unless-Project-Version-Is"
Access-Control-Allow-Methods: "GET, POST, PUT, DELETE, OPTIONS"
Access-Control-Allow-Origin: "*"
Cache-Control: "max-age=0, private, must-revalidate"
Content-Type: "application/json; charset=utf-8"
Date: "Tue, 30 Apr 2019 09:29:58 GMT"
Etag: "W/\"d751713988987e9331980363e24189ce\""
Server: "nginx + Phusion Passenger"
Status: "200 OK"
Strict-Transport-Security: "max-age=31536000; includeSubDomains; preload"
X-Content-Type-Options: "nosniff, nosniff"
X-Frame-Options: "SAMEORIGIN"
X-Powered-By: "Phusion Passenger"
X-Request-Id: "378f4fd1-aac5-4129-aa6f-5bf21b24f845"
X-Runtime: "0.040835"
X-Tracker-Client-Pinger-Interval: "20"
X-Tracker-Project-Version: "4"
X-Vcap-Request-Id: "b9fbb41d-3976-4ad4-797a-94cb2d2746db"
X-Xss-Protection: "1; mode=block"
Content-Length: "2"
Via: "1.1 google"
Alt-Svc: "clear"
D, [2019-04-30T14:59:59.009230 #13824] DEBUG -- response.body: []
I, [2019-04-30T15:00:54.376121 #9704]  INFO -- : get => https://www.pivotaltracker.com/services/v5/projects/2333386
D, [2019-04-30T15:00:54.376441 #9704] DEBUG -- request: User-Agent: "Ruby/2.5.5 (x64-mingw32; ruby) TrackerApi/0.2.8 Faraday/0.9.2"
X-TrackerToken: "a05e0eb01f376934597be931d752a8c9"
D, [2019-04-30T15:00:54.376617 #9704] DEBUG -- request.body: nil
I, [2019-04-30T15:00:54.758104 #9704]  INFO -- : 200 <= https://www.pivotaltracker.com/services/v5/projects/2333386
D, [2019-04-30T15:00:54.758361 #9704] DEBUG -- response: Access-Control-Allow-Credentials: "false"
Access-Control-Allow-Headers: "X-TrackerToken,DNT,X-Mx-ReqToken,Keep-Alive,User-Agent,X-Requested-With,If-Modified-Since,Cache-Control,Content-Type,X-Tracker-Warn-Unless-Project-Version-Is"
Access-Control-Allow-Methods: "GET, POST, PUT, DELETE, OPTIONS"
Access-Control-Allow-Origin: "*"
Cache-Control: "max-age=0, private, must-revalidate"
Content-Type: "application/json; charset=utf-8"
Date: "Tue, 30 Apr 2019 09:30:54 GMT"
Etag: "W/\"5aac01d1c0ad69d8de6915ceb0ca9206\""
Server: "nginx + Phusion Passenger"
Status: "200 OK"
Strict-Transport-Security: "max-age=31536000; includeSubDomains; preload"
X-Content-Type-Options: "nosniff, nosniff"
X-Frame-Options: "SAMEORIGIN"
X-Powered-By: "Phusion Passenger"
X-Request-Id: "9ca288b7-f969-4e77-96cd-ac3132d03dc0"
X-Runtime: "0.052653"
X-Tracker-Client-Pinger-Interval: "20"
X-Tracker-Project-Version: "4"
X-Vcap-Request-Id: "00f660df-3221-4d43-797c-2f11797d4dc9"
X-Xss-Protection: "1; mode=block"
Content-Length: "725"
Via: "1.1 google"
Alt-Svc: "clear"
D, [2019-04-30T15:00:54.758671 #9704] DEBUG -- response.body: {"id":2333386,"kind":"project","name":"Test Personal","version":4,"iteration_length":1,"week_start_day":"Monday","point_scale":"0,1,2,3","point_scale_is_custom":false,"bugs_and_chores_are_estimatable":false,"automatic_planning":true,"enable_tasks":true,"time_zone":{"kind":"time_zone","olson_name":"America/Los_Angeles","offset":"-07:00"},"velocity_averaged_over":3,"number_of_done_iterations_to_show":4,"has_google_domain":false,"enable_incoming_emails":true,"initial_velocity":10,"public":false,"atom_enabled":false,"project_type":"private","start_time":"2019-04-29T07:00:00Z","created_at":"2019-04-25T10:02:19Z","updated_at":"2019-04-25T11:01:21Z","account_id":1092619,"current_iteration_number":1,"enable_following":true}
I, [2019-04-30T15:00:55.291717 #9704]  INFO -- : get => https://www.pivotaltracker.com/services/v5/projects
D, [2019-04-30T15:00:55.291941 #9704] DEBUG -- request: User-Agent: "Ruby/2.5.5 (x64-mingw32; ruby) TrackerApi/0.2.8 Faraday/0.9.2"
X-TrackerToken: "a05e0eb01f376934597be931d752a8c9"
D, [2019-04-30T15:00:55.292194 #9704] DEBUG -- request.body: nil
I, [2019-04-30T15:00:55.642903 #9704]  INFO -- : 200 <= https://www.pivotaltracker.com/services/v5/projects
D, [2019-04-30T15:00:55.643095 #9704] DEBUG -- response: Access-Control-Allow-Credentials: "false"
Access-Control-Allow-Headers: "X-TrackerToken,DNT,X-Mx-ReqToken,Keep-Alive,User-Agent,X-Requested-With,If-Modified-Since,Cache-Control,Content-Type,X-Tracker-Warn-Unless-Project-Version-Is"
Access-Control-Allow-Methods: "GET, POST, PUT, DELETE, OPTIONS"
Access-Control-Allow-Origin: "*"
Cache-Control: "max-age=0, private, must-revalidate"
Content-Type: "application/json; charset=utf-8"
Date: "Tue, 30 Apr 2019 09:30:55 GMT"
Etag: "W/\"cd805f6c248c436a81dbb521531348c6\""
Server: "nginx + Phusion Passenger"
Status: "200 OK"
Strict-Transport-Security: "max-age=31536000; includeSubDomains; preload"
X-Content-Type-Options: "nosniff, nosniff"
X-Frame-Options: "SAMEORIGIN"
X-Powered-By: "Phusion Passenger"
X-Request-Id: "09e3d99d-7ddb-4d29-8661-a7304e870b2d"
X-Runtime: "0.043755"
X-Tracker-Client-Pinger-Interval: "20"
X-Vcap-Request-Id: "10a5e973-0de9-4b1f-4569-5b4b0196ee8d"
X-Xss-Protection: "1; mode=block"
Content-Length: "727"
Via: "1.1 google"
Alt-Svc: "clear"
D, [2019-04-30T15:00:55.643263 #9704] DEBUG -- response.body: [{"id":2333386,"kind":"project","name":"Test Personal","version":4,"iteration_length":1,"week_start_day":"Monday","point_scale":"0,1,2,3","point_scale_is_custom":false,"bugs_and_chores_are_estimatable":false,"automatic_planning":true,"enable_tasks":true,"time_zone":{"kind":"time_zone","olson_name":"America/Los_Angeles","offset":"-07:00"},"velocity_averaged_over":3,"number_of_done_iterations_to_show":4,"has_google_domain":false,"enable_incoming_emails":true,"initial_velocity":10,"public":false,"atom_enabled":false,"project_type":"private","start_time":"2019-04-29T07:00:00Z","created_at":"2019-04-25T10:02:19Z","updated_at":"2019-04-25T11:01:21Z","account_id":1092619,"current_iteration_number":1,"enable_following":true}]
I, [2019-04-30T15:00:59.290187 #9704]  INFO -- : get => https://www.pivotaltracker.com/services/v5/projects/2333386/stories/165595195
D, [2019-04-30T15:00:59.290498 #9704] DEBUG -- request: User-Agent: "Ruby/2.5.5 (x64-mingw32; ruby) TrackerApi/0.2.8 Faraday/0.9.2"
X-TrackerToken: "a05e0eb01f376934597be931d752a8c9"
D, [2019-04-30T15:00:59.290662 #9704] DEBUG -- request.body: nil
I, [2019-04-30T15:00:59.665511 #9704]  INFO -- : 200 <= https://www.pivotaltracker.com/services/v5/projects/2333386/stories/165595195
D, [2019-04-30T15:00:59.665733 #9704] DEBUG -- response: Access-Control-Allow-Credentials: "false"
Access-Control-Allow-Headers: "X-TrackerToken,DNT,X-Mx-ReqToken,Keep-Alive,User-Agent,X-Requested-With,If-Modified-Since,Cache-Control,Content-Type,X-Tracker-Warn-Unless-Project-Version-Is"
Access-Control-Allow-Methods: "GET, POST, PUT, DELETE, OPTIONS"
Access-Control-Allow-Origin: "*"
Cache-Control: "max-age=0, private, must-revalidate"
Content-Type: "application/json; charset=utf-8"
Date: "Tue, 30 Apr 2019 09:30:59 GMT"
Etag: "W/\"235eedac7ae93e0199d08461f29c4b24\""
Server: "nginx + Phusion Passenger"
Status: "200 OK"
Strict-Transport-Security: "max-age=31536000; includeSubDomains; preload"
X-Content-Type-Options: "nosniff, nosniff"
X-Frame-Options: "SAMEORIGIN"
X-Powered-By: "Phusion Passenger"
X-Request-Id: "67d4d98e-5698-4718-9d1f-1ae7e612c520"
X-Runtime: "0.061323"
X-Tracker-Client-Pinger-Interval: "20"
X-Tracker-Project-Version: "4"
X-Vcap-Request-Id: "b165fe56-ef6f-4b06-4cf8-840fd4e20470"
X-Xss-Protection: "1; mode=block"
Content-Length: "315"
Via: "1.1 google"
Alt-Svc: "clear"
D, [2019-04-30T15:00:59.665933 #9704] DEBUG -- response.body: {"kind":"story","id":165595195,"created_at":"2019-04-25T10:02:38Z","updated_at":"2019-04-30T09:29:57Z","estimate":1,"story_type":"feature","name":"Test","current_state":"unstarted","requested_by_id":2898817,"url":"https://www.pivotaltracker.com/story/show/165595195","project_id":2333386,"owner_ids":[],"labels":[]}
I, [2019-04-30T15:01:00.607069 #9704]  INFO -- : get => https://www.pivotaltracker.com/services/v5/projects/2333386/stories/165595195/comments
D, [2019-04-30T15:01:00.607250 #9704] DEBUG -- request: User-Agent: "Ruby/2.5.5 (x64-mingw32; ruby) TrackerApi/0.2.8 Faraday/0.9.2"
X-TrackerToken: "a05e0eb01f376934597be931d752a8c9"
D, [2019-04-30T15:01:00.608098 #9704] DEBUG -- request.body: nil
I, [2019-04-30T15:01:00.951510 #9704]  INFO -- : 200 <= https://www.pivotaltracker.com/services/v5/projects/2333386/stories/165595195/comments
D, [2019-04-30T15:01:00.951800 #9704] DEBUG -- response: Access-Control-Allow-Credentials: "false"
Access-Control-Allow-Headers: "X-TrackerToken,DNT,X-Mx-ReqToken,Keep-Alive,User-Agent,X-Requested-With,If-Modified-Since,Cache-Control,Content-Type,X-Tracker-Warn-Unless-Project-Version-Is"
Access-Control-Allow-Methods: "GET, POST, PUT, DELETE, OPTIONS"
Access-Control-Allow-Origin: "*"
Cache-Control: "max-age=0, private, must-revalidate"
Content-Type: "application/json; charset=utf-8"
Date: "Tue, 30 Apr 2019 09:31:00 GMT"
Etag: "W/\"d751713988987e9331980363e24189ce\""
Server: "nginx + Phusion Passenger"
Status: "200 OK"
Strict-Transport-Security: "max-age=31536000; includeSubDomains; preload"
X-Content-Type-Options: "nosniff, nosniff"
X-Frame-Options: "SAMEORIGIN"
X-Powered-By: "Phusion Passenger"
X-Request-Id: "35275d40-8e94-4044-a0f1-90e8c5195f6c"
X-Runtime: "0.029229"
X-Tracker-Client-Pinger-Interval: "20"
X-Tracker-Project-Version: "4"
X-Vcap-Request-Id: "7abef7d7-6db8-4ff5-5f81-5a42f3ebe34a"
X-Xss-Protection: "1; mode=block"
Content-Length: "2"
Via: "1.1 google"
Alt-Svc: "clear"
D, [2019-04-30T15:01:00.952049 #9704] DEBUG -- response.body: []
I, [2019-04-30T15:07:13.420986 #11284]  INFO -- : get => https://www.pivotaltracker.com/services/v5/projects/2333386
D, [2019-04-30T15:07:13.421328 #11284] DEBUG -- request: User-Agent: "Ruby/2.5.5 (x64-mingw32; ruby) TrackerApi/0.2.8 Faraday/0.9.2"
X-TrackerToken: "a05e0eb01f376934597be931d752a8c9"
D, [2019-04-30T15:07:13.421495 #11284] DEBUG -- request.body: nil
I, [2019-04-30T15:07:13.790942 #11284]  INFO -- : 200 <= https://www.pivotaltracker.com/services/v5/projects/2333386
D, [2019-04-30T15:07:13.791221 #11284] DEBUG -- response: Access-Control-Allow-Credentials: "false"
Access-Control-Allow-Headers: "X-TrackerToken,DNT,X-Mx-ReqToken,Keep-Alive,User-Agent,X-Requested-With,If-Modified-Since,Cache-Control,Content-Type,X-Tracker-Warn-Unless-Project-Version-Is"
Access-Control-Allow-Methods: "GET, POST, PUT, DELETE, OPTIONS"
Access-Control-Allow-Origin: "*"
Cache-Control: "max-age=0, private, must-revalidate"
Content-Type: "application/json; charset=utf-8"
Date: "Tue, 30 Apr 2019 09:37:13 GMT"
Etag: "W/\"5aac01d1c0ad69d8de6915ceb0ca9206\""
Server: "nginx + Phusion Passenger"
Status: "200 OK"
Strict-Transport-Security: "max-age=31536000; includeSubDomains; preload"
X-Content-Type-Options: "nosniff, nosniff"
X-Frame-Options: "SAMEORIGIN"
X-Powered-By: "Phusion Passenger"
X-Request-Id: "2a2e37f1-4e4e-4f24-bf63-1ec2c83eda37"
X-Runtime: "0.050371"
X-Tracker-Client-Pinger-Interval: "20"
X-Tracker-Project-Version: "4"
X-Vcap-Request-Id: "83b0514f-4862-4e0c-7c51-75fbb78f52c8"
X-Xss-Protection: "1; mode=block"
Content-Length: "725"
Via: "1.1 google"
Alt-Svc: "clear"
D, [2019-04-30T15:07:13.791475 #11284] DEBUG -- response.body: {"id":2333386,"kind":"project","name":"Test Personal","version":4,"iteration_length":1,"week_start_day":"Monday","point_scale":"0,1,2,3","point_scale_is_custom":false,"bugs_and_chores_are_estimatable":false,"automatic_planning":true,"enable_tasks":true,"time_zone":{"kind":"time_zone","olson_name":"America/Los_Angeles","offset":"-07:00"},"velocity_averaged_over":3,"number_of_done_iterations_to_show":4,"has_google_domain":false,"enable_incoming_emails":true,"initial_velocity":10,"public":false,"atom_enabled":false,"project_type":"private","start_time":"2019-04-29T07:00:00Z","created_at":"2019-04-25T10:02:19Z","updated_at":"2019-04-25T11:01:21Z","account_id":1092619,"current_iteration_number":1,"enable_following":true}
I, [2019-04-30T15:07:14.326645 #11284]  INFO -- : get => https://www.pivotaltracker.com/services/v5/projects
D, [2019-04-30T15:07:14.326847 #11284] DEBUG -- request: User-Agent: "Ruby/2.5.5 (x64-mingw32; ruby) TrackerApi/0.2.8 Faraday/0.9.2"
X-TrackerToken: "a05e0eb01f376934597be931d752a8c9"
D, [2019-04-30T15:07:14.326988 #11284] DEBUG -- request.body: nil
I, [2019-04-30T15:07:14.688785 #11284]  INFO -- : 200 <= https://www.pivotaltracker.com/services/v5/projects
D, [2019-04-30T15:07:14.688992 #11284] DEBUG -- response: Access-Control-Allow-Credentials: "false"
Access-Control-Allow-Headers: "X-TrackerToken,DNT,X-Mx-ReqToken,Keep-Alive,User-Agent,X-Requested-With,If-Modified-Since,Cache-Control,Content-Type,X-Tracker-Warn-Unless-Project-Version-Is"
Access-Control-Allow-Methods: "GET, POST, PUT, DELETE, OPTIONS"
Access-Control-Allow-Origin: "*"
Cache-Control: "max-age=0, private, must-revalidate"
Content-Type: "application/json; charset=utf-8"
Date: "Tue, 30 Apr 2019 09:37:14 GMT"
Etag: "W/\"cd805f6c248c436a81dbb521531348c6\""
Server: "nginx + Phusion Passenger"
Status: "200 OK"
Strict-Transport-Security: "max-age=31536000; includeSubDomains; preload"
X-Content-Type-Options: "nosniff, nosniff"
X-Frame-Options: "SAMEORIGIN"
X-Powered-By: "Phusion Passenger"
X-Request-Id: "cdaf7237-5873-407c-a460-af5a7eabba7b"
X-Runtime: "0.052755"
X-Tracker-Client-Pinger-Interval: "20"
X-Vcap-Request-Id: "80e5e883-f56d-4e21-46f5-c274a8dbf69c"
X-Xss-Protection: "1; mode=block"
Content-Length: "727"
Via: "1.1 google"
Alt-Svc: "clear"
D, [2019-04-30T15:07:14.689239 #11284] DEBUG -- response.body: [{"id":2333386,"kind":"project","name":"Test Personal","version":4,"iteration_length":1,"week_start_day":"Monday","point_scale":"0,1,2,3","point_scale_is_custom":false,"bugs_and_chores_are_estimatable":false,"automatic_planning":true,"enable_tasks":true,"time_zone":{"kind":"time_zone","olson_name":"America/Los_Angeles","offset":"-07:00"},"velocity_averaged_over":3,"number_of_done_iterations_to_show":4,"has_google_domain":false,"enable_incoming_emails":true,"initial_velocity":10,"public":false,"atom_enabled":false,"project_type":"private","start_time":"2019-04-29T07:00:00Z","created_at":"2019-04-25T10:02:19Z","updated_at":"2019-04-25T11:01:21Z","account_id":1092619,"current_iteration_number":1,"enable_following":true}]
I, [2019-05-02T14:41:22.893495 #4500]  INFO -- : get => https://www.pivotaltracker.com/services/v5/projects/2333386
D, [2019-05-02T14:41:22.913827 #4500] DEBUG -- request: User-Agent: "Ruby/2.5.5 (x64-mingw32; ruby) TrackerApi/0.2.8 Faraday/0.9.2"
X-TrackerToken: "a05e0eb01f376934597be931d752a8c9"
D, [2019-05-02T14:41:22.913953 #4500] DEBUG -- request.body: nil
I, [2019-05-02T14:41:23.518539 #4500]  INFO -- : 200 <= https://www.pivotaltracker.com/services/v5/projects/2333386
D, [2019-05-02T14:41:23.518803 #4500] DEBUG -- response: Access-Control-Allow-Credentials: "false"
Access-Control-Allow-Headers: "X-TrackerToken,DNT,X-Mx-ReqToken,Keep-Alive,User-Agent,X-Requested-With,If-Modified-Since,Cache-Control,Content-Type,X-Tracker-Warn-Unless-Project-Version-Is"
Access-Control-Allow-Methods: "GET, POST, PUT, DELETE, OPTIONS"
Access-Control-Allow-Origin: "*"
Cache-Control: "max-age=0, private, must-revalidate"
Content-Type: "application/json; charset=utf-8"
Date: "Thu, 02 May 2019 09:11:23 GMT"
Etag: "W/\"5aac01d1c0ad69d8de6915ceb0ca9206\""
Server: "nginx + Phusion Passenger"
Status: "200 OK"
Strict-Transport-Security: "max-age=31536000; includeSubDomains; preload"
X-Content-Type-Options: "nosniff, nosniff"
X-Frame-Options: "SAMEORIGIN"
X-Powered-By: "Phusion Passenger"
X-Request-Id: "6594beab-a67b-4c65-b830-47f81045f879"
X-Runtime: "0.117182"
X-Tracker-Client-Pinger-Interval: "20"
X-Tracker-Project-Version: "4"
X-Vcap-Request-Id: "5cee8fd2-b368-4302-565c-13f6932ade8b"
X-Xss-Protection: "1; mode=block"
Content-Length: "725"
Via: "1.1 google"
Alt-Svc: "clear"
D, [2019-05-02T14:41:23.519045 #4500] DEBUG -- response.body: {"id":2333386,"kind":"project","name":"Test Personal","version":4,"iteration_length":1,"week_start_day":"Monday","point_scale":"0,1,2,3","point_scale_is_custom":false,"bugs_and_chores_are_estimatable":false,"automatic_planning":true,"enable_tasks":true,"time_zone":{"kind":"time_zone","olson_name":"America/Los_Angeles","offset":"-07:00"},"velocity_averaged_over":3,"number_of_done_iterations_to_show":4,"has_google_domain":false,"enable_incoming_emails":true,"initial_velocity":10,"public":false,"atom_enabled":false,"project_type":"private","start_time":"2019-04-29T07:00:00Z","created_at":"2019-04-25T10:02:19Z","updated_at":"2019-04-25T11:01:21Z","account_id":1092619,"current_iteration_number":1,"enable_following":true}
I, [2019-05-02T14:41:24.066124 #4500]  INFO -- : get => https://www.pivotaltracker.com/services/v5/projects
D, [2019-05-02T14:41:24.066360 #4500] DEBUG -- request: User-Agent: "Ruby/2.5.5 (x64-mingw32; ruby) TrackerApi/0.2.8 Faraday/0.9.2"
X-TrackerToken: "a05e0eb01f376934597be931d752a8c9"
D, [2019-05-02T14:41:24.066531 #4500] DEBUG -- request.body: nil
I, [2019-05-02T14:41:24.421056 #4500]  INFO -- : 200 <= https://www.pivotaltracker.com/services/v5/projects
D, [2019-05-02T14:41:24.421317 #4500] DEBUG -- response: Access-Control-Allow-Credentials: "false"
Access-Control-Allow-Headers: "X-TrackerToken,DNT,X-Mx-ReqToken,Keep-Alive,User-Agent,X-Requested-With,If-Modified-Since,Cache-Control,Content-Type,X-Tracker-Warn-Unless-Project-Version-Is"
Access-Control-Allow-Methods: "GET, POST, PUT, DELETE, OPTIONS"
Access-Control-Allow-Origin: "*"
Cache-Control: "max-age=0, private, must-revalidate"
Content-Type: "application/json; charset=utf-8"
Date: "Thu, 02 May 2019 09:11:24 GMT"
Etag: "W/\"cd805f6c248c436a81dbb521531348c6\""
Server: "nginx + Phusion Passenger"
Status: "200 OK"
Strict-Transport-Security: "max-age=31536000; includeSubDomains; preload"
X-Content-Type-Options: "nosniff, nosniff"
X-Frame-Options: "SAMEORIGIN"
X-Powered-By: "Phusion Passenger"
X-Request-Id: "72583a21-1d4f-4867-8782-c66f3400917a"
X-Runtime: "0.044867"
X-Tracker-Client-Pinger-Interval: "20"
X-Vcap-Request-Id: "b21049d1-a09a-43bc-5b4b-3b21cce04f40"
X-Xss-Protection: "1; mode=block"
Content-Length: "727"
Via: "1.1 google"
Alt-Svc: "clear"
D, [2019-05-02T14:41:24.421629 #4500] DEBUG -- response.body: [{"id":2333386,"kind":"project","name":"Test Personal","version":4,"iteration_length":1,"week_start_day":"Monday","point_scale":"0,1,2,3","point_scale_is_custom":false,"bugs_and_chores_are_estimatable":false,"automatic_planning":true,"enable_tasks":true,"time_zone":{"kind":"time_zone","olson_name":"America/Los_Angeles","offset":"-07:00"},"velocity_averaged_over":3,"number_of_done_iterations_to_show":4,"has_google_domain":false,"enable_incoming_emails":true,"initial_velocity":10,"public":false,"atom_enabled":false,"project_type":"private","start_time":"2019-04-29T07:00:00Z","created_at":"2019-04-25T10:02:19Z","updated_at":"2019-04-25T11:01:21Z","account_id":1092619,"current_iteration_number":1,"enable_following":true}]
I, [2019-05-02T14:41:29.337977 #4500]  INFO -- : get => https://www.pivotaltracker.com/services/v5/projects/2333386/stories?filter=+state%3Aunstarted%2Crejected%2Cunscheduled%2Cplanned+type%3Afeature%2Cbug%2Cchore&limit=5
D, [2019-05-02T14:41:29.338185 #4500] DEBUG -- request: User-Agent: "Ruby/2.5.5 (x64-mingw32; ruby) TrackerApi/0.2.8 Faraday/0.9.2"
X-TrackerToken: "a05e0eb01f376934597be931d752a8c9"
D, [2019-05-02T14:41:29.338334 #4500] DEBUG -- request.body: nil
I, [2019-05-02T14:41:30.089886 #4500]  INFO -- : 200 <= https://www.pivotaltracker.com/services/v5/projects/2333386/stories?filter=+state%3Aunstarted%2Crejected%2Cunscheduled%2Cplanned+type%3Afeature%2Cbug%2Cchore&limit=5
D, [2019-05-02T14:41:30.090126 #4500] DEBUG -- response: Access-Control-Allow-Credentials: "false"
Access-Control-Allow-Headers: "X-TrackerToken,DNT,X-Mx-ReqToken,Keep-Alive,User-Agent,X-Requested-With,If-Modified-Since,Cache-Control,Content-Type,X-Tracker-Warn-Unless-Project-Version-Is"
Access-Control-Allow-Methods: "GET, POST, PUT, DELETE, OPTIONS"
Access-Control-Allow-Origin: "*"
Cache-Control: "max-age=0, private, must-revalidate"
Content-Type: "application/json; charset=utf-8"
Date: "Thu, 02 May 2019 09:11:29 GMT"
Etag: "W/\"29e615af4b17fa6ccd43012e33fd6730\""
Server: "nginx + Phusion Passenger"
Status: "200 OK"
Strict-Transport-Security: "max-age=31536000; includeSubDomains; preload"
X-Content-Type-Options: "nosniff, nosniff"
X-Frame-Options: "SAMEORIGIN"
X-Powered-By: "Phusion Passenger"
X-Request-Id: "1e5c7073-09f0-4344-9935-c5677a8b9576"
X-Runtime: "0.424325"
X-Tracker-Client-Pinger-Interval: "20"
X-Tracker-Pagination-Limit: "5"
X-Tracker-Pagination-Offset: "0"
X-Tracker-Pagination-Returned: "1"
X-Tracker-Pagination-Total: "1"
X-Tracker-Project-Version: "4"
X-Vcap-Request-Id: "658446ef-f70d-4721-6990-9ad89d85aea9"
X-Xss-Protection: "1; mode=block"
Content-Length: "317"
Via: "1.1 google"
Alt-Svc: "clear"
D, [2019-05-02T14:41:30.090380 #4500] DEBUG -- response.body: [{"kind":"story","id":165595195,"created_at":"2019-04-25T10:02:38Z","updated_at":"2019-04-30T09:29:57Z","estimate":1,"story_type":"feature","name":"Test","current_state":"unstarted","requested_by_id":2898817,"url":"https://www.pivotaltracker.com/story/show/165595195","project_id":2333386,"owner_ids":[],"labels":[]}]
I, [2019-05-02T14:41:35.560205 #4500]  INFO -- : get => https://www.pivotaltracker.com/services/v5/projects/2333386/stories/165595195/comments
D, [2019-05-02T14:41:35.560433 #4500] DEBUG -- request: User-Agent: "Ruby/2.5.5 (x64-mingw32; ruby) TrackerApi/0.2.8 Faraday/0.9.2"
X-TrackerToken: "a05e0eb01f376934597be931d752a8c9"
D, [2019-05-02T14:41:35.560571 #4500] DEBUG -- request.body: nil
I, [2019-05-02T14:41:35.905025 #4500]  INFO -- : 200 <= https://www.pivotaltracker.com/services/v5/projects/2333386/stories/165595195/comments
D, [2019-05-02T14:41:35.905319 #4500] DEBUG -- response: Access-Control-Allow-Credentials: "false"
Access-Control-Allow-Headers: "X-TrackerToken,DNT,X-Mx-ReqToken,Keep-Alive,User-Agent,X-Requested-With,If-Modified-Since,Cache-Control,Content-Type,X-Tracker-Warn-Unless-Project-Version-Is"
Access-Control-Allow-Methods: "GET, POST, PUT, DELETE, OPTIONS"
Access-Control-Allow-Origin: "*"
Cache-Control: "max-age=0, private, must-revalidate"
Content-Type: "application/json; charset=utf-8"
Date: "Thu, 02 May 2019 09:11:35 GMT"
Etag: "W/\"d751713988987e9331980363e24189ce\""
Server: "nginx + Phusion Passenger"
Status: "200 OK"
Strict-Transport-Security: "max-age=31536000; includeSubDomains; preload"
X-Content-Type-Options: "nosniff, nosniff"
X-Frame-Options: "SAMEORIGIN"
X-Powered-By: "Phusion Passenger"
X-Request-Id: "90a28f5d-8dfb-421b-9ea2-32c5ab483848"
X-Runtime: "0.039834"
X-Tracker-Client-Pinger-Interval: "20"
X-Tracker-Project-Version: "4"
X-Vcap-Request-Id: "dbccd8aa-1902-47dc-62d8-6ebcbbe655b3"
X-Xss-Protection: "1; mode=block"
Content-Length: "2"
Via: "1.1 google"
Alt-Svc: "clear"
D, [2019-05-02T14:41:35.905619 #4500] DEBUG -- response.body: []
I, [2019-05-02T14:46:05.077221 #12912]  INFO -- : get => https://www.pivotaltracker.com/services/v5/projects/2333386
D, [2019-05-02T14:46:05.077550 #12912] DEBUG -- request: User-Agent: "Ruby/2.5.5 (x64-mingw32; ruby) TrackerApi/0.2.8 Faraday/0.9.2"
X-TrackerToken: "a05e0eb01f376934597be931d752a8c9"
D, [2019-05-02T14:46:05.077710 #12912] DEBUG -- request.body: nil
I, [2019-05-02T14:46:05.440659 #12912]  INFO -- : 200 <= https://www.pivotaltracker.com/services/v5/projects/2333386
D, [2019-05-02T14:46:05.440899 #12912] DEBUG -- response: Access-Control-Allow-Credentials: "false"
Access-Control-Allow-Headers: "X-TrackerToken,DNT,X-Mx-ReqToken,Keep-Alive,User-Agent,X-Requested-With,If-Modified-Since,Cache-Control,Content-Type,X-Tracker-Warn-Unless-Project-Version-Is"
Access-Control-Allow-Methods: "GET, POST, PUT, DELETE, OPTIONS"
Access-Control-Allow-Origin: "*"
Cache-Control: "max-age=0, private, must-revalidate"
Content-Type: "application/json; charset=utf-8"
Date: "Thu, 02 May 2019 09:16:05 GMT"
Etag: "W/\"5aac01d1c0ad69d8de6915ceb0ca9206\""
Server: "nginx + Phusion Passenger"
Status: "200 OK"
Strict-Transport-Security: "max-age=31536000; includeSubDomains; preload"
X-Content-Type-Options: "nosniff, nosniff"
X-Frame-Options: "SAMEORIGIN"
X-Powered-By: "Phusion Passenger"
X-Request-Id: "5b775762-b216-462e-b82f-57e2363a4e00"
X-Runtime: "0.042833"
X-Tracker-Client-Pinger-Interval: "20"
X-Tracker-Project-Version: "4"
X-Vcap-Request-Id: "8d7aa506-1f2a-47ca-5396-035c1611d638"
X-Xss-Protection: "1; mode=block"
Content-Length: "725"
Via: "1.1 google"
Alt-Svc: "clear"
D, [2019-05-02T14:46:05.441115 #12912] DEBUG -- response.body: {"id":2333386,"kind":"project","name":"Test Personal","version":4,"iteration_length":1,"week_start_day":"Monday","point_scale":"0,1,2,3","point_scale_is_custom":false,"bugs_and_chores_are_estimatable":false,"automatic_planning":true,"enable_tasks":true,"time_zone":{"kind":"time_zone","olson_name":"America/Los_Angeles","offset":"-07:00"},"velocity_averaged_over":3,"number_of_done_iterations_to_show":4,"has_google_domain":false,"enable_incoming_emails":true,"initial_velocity":10,"public":false,"atom_enabled":false,"project_type":"private","start_time":"2019-04-29T07:00:00Z","created_at":"2019-04-25T10:02:19Z","updated_at":"2019-04-25T11:01:21Z","account_id":1092619,"current_iteration_number":1,"enable_following":true}
I, [2019-05-02T14:46:05.972350 #12912]  INFO -- : get => https://www.pivotaltracker.com/services/v5/projects
D, [2019-05-02T14:46:05.972554 #12912] DEBUG -- request: User-Agent: "Ruby/2.5.5 (x64-mingw32; ruby) TrackerApi/0.2.8 Faraday/0.9.2"
X-TrackerToken: "a05e0eb01f376934597be931d752a8c9"
D, [2019-05-02T14:46:05.972701 #12912] DEBUG -- request.body: nil
I, [2019-05-02T14:46:06.327521 #12912]  INFO -- : 200 <= https://www.pivotaltracker.com/services/v5/projects
D, [2019-05-02T14:46:06.327794 #12912] DEBUG -- response: Access-Control-Allow-Credentials: "false"
Access-Control-Allow-Headers: "X-TrackerToken,DNT,X-Mx-ReqToken,Keep-Alive,User-Agent,X-Requested-With,If-Modified-Since,Cache-Control,Content-Type,X-Tracker-Warn-Unless-Project-Version-Is"
Access-Control-Allow-Methods: "GET, POST, PUT, DELETE, OPTIONS"
Access-Control-Allow-Origin: "*"
Cache-Control: "max-age=0, private, must-revalidate"
Content-Type: "application/json; charset=utf-8"
Date: "Thu, 02 May 2019 09:16:06 GMT"
Etag: "W/\"cd805f6c248c436a81dbb521531348c6\""
Server: "nginx + Phusion Passenger"
Status: "200 OK"
Strict-Transport-Security: "max-age=31536000; includeSubDomains; preload"
X-Content-Type-Options: "nosniff, nosniff"
X-Frame-Options: "SAMEORIGIN"
X-Powered-By: "Phusion Passenger"
X-Request-Id: "472ba79d-4069-4a04-88ef-5ccb87c492e5"
X-Runtime: "0.049015"
X-Tracker-Client-Pinger-Interval: "20"
X-Vcap-Request-Id: "fa126458-79d4-4103-4643-a72098d00414"
X-Xss-Protection: "1; mode=block"
Content-Length: "727"
Via: "1.1 google"
Alt-Svc: "clear"
D, [2019-05-02T14:46:06.328087 #12912] DEBUG -- response.body: [{"id":2333386,"kind":"project","name":"Test Personal","version":4,"iteration_length":1,"week_start_day":"Monday","point_scale":"0,1,2,3","point_scale_is_custom":false,"bugs_and_chores_are_estimatable":false,"automatic_planning":true,"enable_tasks":true,"time_zone":{"kind":"time_zone","olson_name":"America/Los_Angeles","offset":"-07:00"},"velocity_averaged_over":3,"number_of_done_iterations_to_show":4,"has_google_domain":false,"enable_incoming_emails":true,"initial_velocity":10,"public":false,"atom_enabled":false,"project_type":"private","start_time":"2019-04-29T07:00:00Z","created_at":"2019-04-25T10:02:19Z","updated_at":"2019-04-25T11:01:21Z","account_id":1092619,"current_iteration_number":1,"enable_following":true}]
I, [2019-05-02T14:52:04.642491 #13460]  INFO -- : get => https://www.pivotaltracker.com/services/v5/projects/2333386
D, [2019-05-02T14:52:04.642755 #13460] DEBUG -- request: User-Agent: "Ruby/2.5.5 (x64-mingw32; ruby) TrackerApi/0.2.8 Faraday/0.9.2"
X-TrackerToken: "a05e0eb01f376934597be931d752a8c9"
D, [2019-05-02T14:52:04.642876 #13460] DEBUG -- request.body: nil
I, [2019-05-02T14:52:05.006712 #13460]  INFO -- : 200 <= https://www.pivotaltracker.com/services/v5/projects/2333386
D, [2019-05-02T14:52:05.006944 #13460] DEBUG -- response: Access-Control-Allow-Credentials: "false"
Access-Control-Allow-Headers: "X-TrackerToken,DNT,X-Mx-ReqToken,Keep-Alive,User-Agent,X-Requested-With,If-Modified-Since,Cache-Control,Content-Type,X-Tracker-Warn-Unless-Project-Version-Is"
Access-Control-Allow-Methods: "GET, POST, PUT, DELETE, OPTIONS"
Access-Control-Allow-Origin: "*"
Cache-Control: "max-age=0, private, must-revalidate"
Content-Type: "application/json; charset=utf-8"
Date: "Thu, 02 May 2019 09:22:04 GMT"
Etag: "W/\"5aac01d1c0ad69d8de6915ceb0ca9206\""
Server: "nginx + Phusion Passenger"
Status: "200 OK"
Strict-Transport-Security: "max-age=31536000; includeSubDomains; preload"
X-Content-Type-Options: "nosniff, nosniff"
X-Frame-Options: "SAMEORIGIN"
X-Powered-By: "Phusion Passenger"
X-Request-Id: "a2c57fba-13ee-4193-9928-e612af80cf0f"
X-Runtime: "0.043613"
X-Tracker-Client-Pinger-Interval: "20"
X-Tracker-Project-Version: "4"
X-Vcap-Request-Id: "7b393f5b-5d15-4a91-45a0-ab18e9d4ccd3"
X-Xss-Protection: "1; mode=block"
Content-Length: "725"
Via: "1.1 google"
Alt-Svc: "clear"
D, [2019-05-02T14:52:05.007172 #13460] DEBUG -- response.body: {"id":2333386,"kind":"project","name":"Test Personal","version":4,"iteration_length":1,"week_start_day":"Monday","point_scale":"0,1,2,3","point_scale_is_custom":false,"bugs_and_chores_are_estimatable":false,"automatic_planning":true,"enable_tasks":true,"time_zone":{"kind":"time_zone","olson_name":"America/Los_Angeles","offset":"-07:00"},"velocity_averaged_over":3,"number_of_done_iterations_to_show":4,"has_google_domain":false,"enable_incoming_emails":true,"initial_velocity":10,"public":false,"atom_enabled":false,"project_type":"private","start_time":"2019-04-29T07:00:00Z","created_at":"2019-04-25T10:02:19Z","updated_at":"2019-04-25T11:01:21Z","account_id":1092619,"current_iteration_number":1,"enable_following":true}
I, [2019-05-02T14:52:05.540617 #13460]  INFO -- : get => https://www.pivotaltracker.com/services/v5/projects
D, [2019-05-02T14:52:05.540909 #13460] DEBUG -- request: User-Agent: "Ruby/2.5.5 (x64-mingw32; ruby) TrackerApi/0.2.8 Faraday/0.9.2"
X-TrackerToken: "a05e0eb01f376934597be931d752a8c9"
D, [2019-05-02T14:52:05.540997 #13460] DEBUG -- request.body: nil
I, [2019-05-02T14:52:05.897115 #13460]  INFO -- : 200 <= https://www.pivotaltracker.com/services/v5/projects
D, [2019-05-02T14:52:05.897381 #13460] DEBUG -- response: Access-Control-Allow-Credentials: "false"
Access-Control-Allow-Headers: "X-TrackerToken,DNT,X-Mx-ReqToken,Keep-Alive,User-Agent,X-Requested-With,If-Modified-Since,Cache-Control,Content-Type,X-Tracker-Warn-Unless-Project-Version-Is"
Access-Control-Allow-Methods: "GET, POST, PUT, DELETE, OPTIONS"
Access-Control-Allow-Origin: "*"
Cache-Control: "max-age=0, private, must-revalidate"
Content-Type: "application/json; charset=utf-8"
Date: "Thu, 02 May 2019 09:22:05 GMT"
Etag: "W/\"cd805f6c248c436a81dbb521531348c6\""
Server: "nginx + Phusion Passenger"
Status: "200 OK"
Strict-Transport-Security: "max-age=31536000; includeSubDomains; preload"
X-Content-Type-Options: "nosniff, nosniff"
X-Frame-Options: "SAMEORIGIN"
X-Powered-By: "Phusion Passenger"
X-Request-Id: "afbedc86-534a-4fab-b88f-f377b4b96d9b"
X-Runtime: "0.041091"
X-Tracker-Client-Pinger-Interval: "20"
X-Vcap-Request-Id: "a8cf5efb-a925-475b-6bce-0f0d966960c3"
X-Xss-Protection: "1; mode=block"
Content-Length: "727"
Via: "1.1 google"
Alt-Svc: "clear"
D, [2019-05-02T14:52:05.897665 #13460] DEBUG -- response.body: [{"id":2333386,"kind":"project","name":"Test Personal","version":4,"iteration_length":1,"week_start_day":"Monday","point_scale":"0,1,2,3","point_scale_is_custom":false,"bugs_and_chores_are_estimatable":false,"automatic_planning":true,"enable_tasks":true,"time_zone":{"kind":"time_zone","olson_name":"America/Los_Angeles","offset":"-07:00"},"velocity_averaged_over":3,"number_of_done_iterations_to_show":4,"has_google_domain":false,"enable_incoming_emails":true,"initial_velocity":10,"public":false,"atom_enabled":false,"project_type":"private","start_time":"2019-04-29T07:00:00Z","created_at":"2019-04-25T10:02:19Z","updated_at":"2019-04-25T11:01:21Z","account_id":1092619,"current_iteration_number":1,"enable_following":true}]
I, [2019-05-02T14:54:40.801294 #10716]  INFO -- : get => https://www.pivotaltracker.com/services/v5/projects/2333386
D, [2019-05-02T14:54:40.801627 #10716] DEBUG -- request: User-Agent: "Ruby/2.5.5 (x64-mingw32; ruby) TrackerApi/0.2.8 Faraday/0.9.2"
X-TrackerToken: "a05e0eb01f376934597be931d752a8c9"
D, [2019-05-02T14:54:40.801799 #10716] DEBUG -- request.body: nil
I, [2019-05-02T14:54:41.174033 #10716]  INFO -- : 200 <= https://www.pivotaltracker.com/services/v5/projects/2333386
D, [2019-05-02T14:54:41.174216 #10716] DEBUG -- response: Access-Control-Allow-Credentials: "false"
Access-Control-Allow-Headers: "X-TrackerToken,DNT,X-Mx-ReqToken,Keep-Alive,User-Agent,X-Requested-With,If-Modified-Since,Cache-Control,Content-Type,X-Tracker-Warn-Unless-Project-Version-Is"
Access-Control-Allow-Methods: "GET, POST, PUT, DELETE, OPTIONS"
Access-Control-Allow-Origin: "*"
Cache-Control: "max-age=0, private, must-revalidate"
Content-Type: "application/json; charset=utf-8"
Date: "Thu, 02 May 2019 09:24:41 GMT"
Etag: "W/\"5aac01d1c0ad69d8de6915ceb0ca9206\""
Server: "nginx + Phusion Passenger"
Status: "200 OK"
Strict-Transport-Security: "max-age=31536000; includeSubDomains; preload"
X-Content-Type-Options: "nosniff, nosniff"
X-Frame-Options: "SAMEORIGIN"
X-Powered-By: "Phusion Passenger"
X-Request-Id: "14ea888e-79bf-436f-b9db-01a879f21bb3"
X-Runtime: "0.055357"
X-Tracker-Client-Pinger-Interval: "20"
X-Tracker-Project-Version: "4"
X-Vcap-Request-Id: "e06690af-0402-4107-42d5-2b2f9c581a9a"
X-Xss-Protection: "1; mode=block"
Content-Length: "725"
Via: "1.1 google"
Alt-Svc: "clear"
D, [2019-05-02T14:54:41.174393 #10716] DEBUG -- response.body: {"id":2333386,"kind":"project","name":"Test Personal","version":4,"iteration_length":1,"week_start_day":"Monday","point_scale":"0,1,2,3","point_scale_is_custom":false,"bugs_and_chores_are_estimatable":false,"automatic_planning":true,"enable_tasks":true,"time_zone":{"kind":"time_zone","olson_name":"America/Los_Angeles","offset":"-07:00"},"velocity_averaged_over":3,"number_of_done_iterations_to_show":4,"has_google_domain":false,"enable_incoming_emails":true,"initial_velocity":10,"public":false,"atom_enabled":false,"project_type":"private","start_time":"2019-04-29T07:00:00Z","created_at":"2019-04-25T10:02:19Z","updated_at":"2019-04-25T11:01:21Z","account_id":1092619,"current_iteration_number":1,"enable_following":true}
I, [2019-05-02T14:54:41.706002 #10716]  INFO -- : get => https://www.pivotaltracker.com/services/v5/projects
D, [2019-05-02T14:54:41.706224 #10716] DEBUG -- request: User-Agent: "Ruby/2.5.5 (x64-mingw32; ruby) TrackerApi/0.2.8 Faraday/0.9.2"
X-TrackerToken: "a05e0eb01f376934597be931d752a8c9"
D, [2019-05-02T14:54:41.706370 #10716] DEBUG -- request.body: nil
I, [2019-05-02T14:54:42.061679 #10716]  INFO -- : 200 <= https://www.pivotaltracker.com/services/v5/projects
D, [2019-05-02T14:54:42.061982 #10716] DEBUG -- response: Access-Control-Allow-Credentials: "false"
Access-Control-Allow-Headers: "X-TrackerToken,DNT,X-Mx-ReqToken,Keep-Alive,User-Agent,X-Requested-With,If-Modified-Since,Cache-Control,Content-Type,X-Tracker-Warn-Unless-Project-Version-Is"
Access-Control-Allow-Methods: "GET, POST, PUT, DELETE, OPTIONS"
Access-Control-Allow-Origin: "*"
Cache-Control: "max-age=0, private, must-revalidate"
Content-Type: "application/json; charset=utf-8"
Date: "Thu, 02 May 2019 09:24:41 GMT"
Etag: "W/\"cd805f6c248c436a81dbb521531348c6\""
Server: "nginx + Phusion Passenger"
Status: "200 OK"
Strict-Transport-Security: "max-age=31536000; includeSubDomains; preload"
X-Content-Type-Options: "nosniff, nosniff"
X-Frame-Options: "SAMEORIGIN"
X-Powered-By: "Phusion Passenger"
X-Request-Id: "813fd6e7-f925-4c06-a861-80bff51d9874"
X-Runtime: "0.042733"
X-Tracker-Client-Pinger-Interval: "20"
X-Vcap-Request-Id: "db1409a9-af68-4866-7a6c-3ace9acd8d89"
X-Xss-Protection: "1; mode=block"
Content-Length: "727"
Via: "1.1 google"
Alt-Svc: "clear"
D, [2019-05-02T14:54:42.062226 #10716] DEBUG -- response.body: [{"id":2333386,"kind":"project","name":"Test Personal","version":4,"iteration_length":1,"week_start_day":"Monday","point_scale":"0,1,2,3","point_scale_is_custom":false,"bugs_and_chores_are_estimatable":false,"automatic_planning":true,"enable_tasks":true,"time_zone":{"kind":"time_zone","olson_name":"America/Los_Angeles","offset":"-07:00"},"velocity_averaged_over":3,"number_of_done_iterations_to_show":4,"has_google_domain":false,"enable_incoming_emails":true,"initial_velocity":10,"public":false,"atom_enabled":false,"project_type":"private","start_time":"2019-04-29T07:00:00Z","created_at":"2019-04-25T10:02:19Z","updated_at":"2019-04-25T11:01:21Z","account_id":1092619,"current_iteration_number":1,"enable_following":true}]
I, [2019-05-02T14:54:42.815840 #10716]  INFO -- : get => https://www.pivotaltracker.com/services/v5/projects/2333386/stories?filter=+state%3Aunstarted%2Crejected%2Cunscheduled%2Cplanned+type%3Afeature%2Cbug%2Cchore&limit=5
D, [2019-05-02T14:54:42.816098 #10716] DEBUG -- request: User-Agent: "Ruby/2.5.5 (x64-mingw32; ruby) TrackerApi/0.2.8 Faraday/0.9.2"
X-TrackerToken: "a05e0eb01f376934597be931d752a8c9"
D, [2019-05-02T14:54:42.816278 #10716] DEBUG -- request.body: nil
I, [2019-05-02T14:54:43.555210 #10716]  INFO -- : 200 <= https://www.pivotaltracker.com/services/v5/projects/2333386/stories?filter=+state%3Aunstarted%2Crejected%2Cunscheduled%2Cplanned+type%3Afeature%2Cbug%2Cchore&limit=5
D, [2019-05-02T14:54:43.555505 #10716] DEBUG -- response: Access-Control-Allow-Credentials: "false"
Access-Control-Allow-Headers: "X-TrackerToken,DNT,X-Mx-ReqToken,Keep-Alive,User-Agent,X-Requested-With,If-Modified-Since,Cache-Control,Content-Type,X-Tracker-Warn-Unless-Project-Version-Is"
Access-Control-Allow-Methods: "GET, POST, PUT, DELETE, OPTIONS"
Access-Control-Allow-Origin: "*"
Cache-Control: "max-age=0, private, must-revalidate"
Content-Type: "application/json; charset=utf-8"
Date: "Thu, 02 May 2019 09:24:43 GMT"
Etag: "W/\"29e615af4b17fa6ccd43012e33fd6730\""
Server: "nginx + Phusion Passenger"
Status: "200 OK"
Strict-Transport-Security: "max-age=31536000; includeSubDomains; preload"
X-Content-Type-Options: "nosniff, nosniff"
X-Frame-Options: "SAMEORIGIN"
X-Powered-By: "Phusion Passenger"
X-Request-Id: "f5bbcabb-bc91-4abe-aa14-adaf528d5065"
X-Runtime: "0.431172"
X-Tracker-Client-Pinger-Interval: "20"
X-Tracker-Pagination-Limit: "5"
X-Tracker-Pagination-Offset: "0"
X-Tracker-Pagination-Returned: "1"
X-Tracker-Pagination-Total: "1"
X-Tracker-Project-Version: "4"
X-Vcap-Request-Id: "26639718-b6fd-41ae-4a0d-70947d5587c0"
X-Xss-Protection: "1; mode=block"
Content-Length: "317"
Via: "1.1 google"
Alt-Svc: "clear"
D, [2019-05-02T14:54:43.555763 #10716] DEBUG -- response.body: [{"kind":"story","id":165595195,"created_at":"2019-04-25T10:02:38Z","updated_at":"2019-04-30T09:29:57Z","estimate":1,"story_type":"feature","name":"Test","current_state":"unstarted","requested_by_id":2898817,"url":"https://www.pivotaltracker.com/story/show/165595195","project_id":2333386,"owner_ids":[],"labels":[]}]
I, [2019-05-02T14:54:47.133639 #10716]  INFO -- : get => https://www.pivotaltracker.com/services/v5/projects/2333386/stories/165595195/comments
D, [2019-05-02T14:54:47.133848 #10716] DEBUG -- request: User-Agent: "Ruby/2.5.5 (x64-mingw32; ruby) TrackerApi/0.2.8 Faraday/0.9.2"
X-TrackerToken: "a05e0eb01f376934597be931d752a8c9"
D, [2019-05-02T14:54:47.134004 #10716] DEBUG -- request.body: nil
I, [2019-05-02T14:54:47.485666 #10716]  INFO -- : 200 <= https://www.pivotaltracker.com/services/v5/projects/2333386/stories/165595195/comments
D, [2019-05-02T14:54:47.485905 #10716] DEBUG -- response: Access-Control-Allow-Credentials: "false"
Access-Control-Allow-Headers: "X-TrackerToken,DNT,X-Mx-ReqToken,Keep-Alive,User-Agent,X-Requested-With,If-Modified-Since,Cache-Control,Content-Type,X-Tracker-Warn-Unless-Project-Version-Is"
Access-Control-Allow-Methods: "GET, POST, PUT, DELETE, OPTIONS"
Access-Control-Allow-Origin: "*"
Cache-Control: "max-age=0, private, must-revalidate"
Content-Type: "application/json; charset=utf-8"
Date: "Thu, 02 May 2019 09:24:47 GMT"
Etag: "W/\"d751713988987e9331980363e24189ce\""
Server: "nginx + Phusion Passenger"
Status: "200 OK"
Strict-Transport-Security: "max-age=31536000; includeSubDomains; preload"
X-Content-Type-Options: "nosniff, nosniff"
X-Frame-Options: "SAMEORIGIN"
X-Powered-By: "Phusion Passenger"
X-Request-Id: "a0984b46-bb0b-426f-9a22-eb2973f5bff0"
X-Runtime: "0.043129"
X-Tracker-Client-Pinger-Interval: "20"
X-Tracker-Project-Version: "4"
X-Vcap-Request-Id: "e3a11d36-22cf-4e82-4634-d2619527871c"
X-Xss-Protection: "1; mode=block"
Content-Length: "2"
Via: "1.1 google"
Alt-Svc: "clear"
D, [2019-05-02T14:54:47.486104 #10716] DEBUG -- response.body: []
I, [2019-05-02T14:55:05.857042 #10716]  INFO -- : get => https://www.pivotaltracker.com/services/v5/me
D, [2019-05-02T14:55:05.857193 #10716] DEBUG -- request: User-Agent: "Ruby/2.5.5 (x64-mingw32; ruby) TrackerApi/0.2.8 Faraday/0.9.2"
X-TrackerToken: "a05e0eb01f376934597be931d752a8c9"
D, [2019-05-02T14:55:05.857281 #10716] DEBUG -- request.body: nil
I, [2019-05-02T14:55:06.243501 #10716]  INFO -- : 200 <= https://www.pivotaltracker.com/services/v5/me
D, [2019-05-02T14:55:06.243836 #10716] DEBUG -- response: Access-Control-Allow-Credentials: "false"
Access-Control-Allow-Headers: "X-TrackerToken,DNT,X-Mx-ReqToken,Keep-Alive,User-Agent,X-Requested-With,If-Modified-Since,Cache-Control,Content-Type,X-Tracker-Warn-Unless-Project-Version-Is"
Access-Control-Allow-Methods: "GET, POST, PUT, DELETE, OPTIONS"
Access-Control-Allow-Origin: "*"
Cache-Control: "max-age=0, private, must-revalidate"
Content-Type: "application/json; charset=utf-8"
Date: "Thu, 02 May 2019 09:25:06 GMT"
Etag: "W/\"54d6d0259e5d6375a9d7d36583627f73\""
Server: "nginx + Phusion Passenger"
Status: "200 OK"
Strict-Transport-Security: "max-age=31536000; includeSubDomains; preload"
X-Content-Type-Options: "nosniff, nosniff"
X-Frame-Options: "SAMEORIGIN"
X-Powered-By: "Phusion Passenger"
X-Request-Id: "a59c30b4-7626-46b9-a457-16d4fc7602f1"
X-Runtime: "0.064671"
X-Tracker-Client-Pinger-Interval: "20"
X-Vcap-Request-Id: "7f17b135-fdb7-4dcc-7453-3abec7a1be49"
X-Xss-Protection: "1; mode=block"
Content-Length: "713"
Via: "1.1 google"
Alt-Svc: "clear"
D, [2019-05-02T14:55:06.244065 #10716] DEBUG -- response.body: {"kind":"me","id":2898817,"name":"Mayur Nemade","initials":"MN","username":"mayurnemade1","time_zone":{"kind":"time_zone","olson_name":"America/Los_Angeles","offset":"-07:00"},"api_token":"a05e0eb01f376934597be931d752a8c9","has_google_identity":false,"accounts":[{"kind":"account_summary","id":1092619,"name":"Test","status":"active","days_left":23,"plan":"Free"}],"projects":[{"kind":"membership_summary","id":10198489,"project_id":2333386,"project_name":"Test Personal","project_color":"00a3d6","favorite":false,"role":"owner","last_viewed_at":"2019-04-30T09:25:36Z"}],"email":"mayurnemade7@gmail.com","receives_in_app_notifications":true,"created_at":"2017-05-07T05:23:41Z","updated_at":"2019-05-02T09:11:23Z"}
I, [2019-05-02T14:55:06.811724 #10716]  INFO -- : put => https://www.pivotaltracker.com/services/v5/projects/2333386/stories/165595195
D, [2019-05-02T14:55:06.811889 #10716] DEBUG -- request: User-Agent: "Ruby/2.5.5 (x64-mingw32; ruby) TrackerApi/0.2.8 Faraday/0.9.2"
X-TrackerToken: "a05e0eb01f376934597be931d752a8c9"
Content-Type: "application/json"
D, [2019-05-02T14:55:06.811980 #10716] DEBUG -- request.body: {"current_state":"started","owner_ids":[2898817]}
I, [2019-05-02T14:55:07.472310 #10716]  INFO -- : 200 <= https://www.pivotaltracker.com/services/v5/projects/2333386/stories/165595195
D, [2019-05-02T14:55:07.472529 #10716] DEBUG -- response: Access-Control-Allow-Credentials: "false"
Access-Control-Allow-Headers: "X-TrackerToken,DNT,X-Mx-ReqToken,Keep-Alive,User-Agent,X-Requested-With,If-Modified-Since,Cache-Control,Content-Type,X-Tracker-Warn-Unless-Project-Version-Is"
Access-Control-Allow-Methods: "GET, POST, PUT, DELETE, OPTIONS"
Access-Control-Allow-Origin: "*"
Cache-Control: "max-age=0, private, must-revalidate"
Content-Type: "application/json; charset=utf-8"
Date: "Thu, 02 May 2019 09:25:07 GMT"
Etag: "W/\"fd99d321e51b1874c47d0753226a8247\""
Server: "nginx + Phusion Passenger"
Status: "200 OK"
Strict-Transport-Security: "max-age=31536000; includeSubDomains; preload"
X-Content-Type-Options: "nosniff, nosniff"
X-Frame-Options: "SAMEORIGIN"
X-Powered-By: "Phusion Passenger"
X-Request-Id: "85acb695-ded0-437e-a11a-102ca9cdf41e"
X-Runtime: "0.317818"
X-Tracker-Client-Pinger-Interval: "20"
X-Tracker-Project-Version: "5"
X-Vcap-Request-Id: "96da04bf-7b4a-45e7-4ede-0c6b7691b331"
X-Xss-Protection: "1; mode=block"
Content-Length: "342"
Via: "1.1 google"
Alt-Svc: "clear"
D, [2019-05-02T14:55:07.472704 #10716] DEBUG -- response.body: {"kind":"story","id":165595195,"project_id":2333386,"name":"Test","story_type":"feature","current_state":"started","estimate":1,"requested_by_id":2898817,"owned_by_id":2898817,"owner_ids":[2898817],"labels":[],"created_at":"2019-04-25T10:02:38Z","updated_at":"2019-05-02T09:25:07Z","url":"https://www.pivotaltracker.com/story/show/165595195"}
I, [2019-05-02T15:15:31.970130 #13944]  INFO -- : get => https://www.pivotaltracker.com/services/v5/projects/2333386
D, [2019-05-02T15:15:31.970400 #13944] DEBUG -- request: User-Agent: "Ruby/2.5.5 (x64-mingw32; ruby) TrackerApi/0.2.8 Faraday/0.9.2"
X-TrackerToken: "a05e0eb01f376934597be931d752a8c9"
D, [2019-05-02T15:15:31.970533 #13944] DEBUG -- request.body: nil
I, [2019-05-02T15:15:32.356940 #13944]  INFO -- : 200 <= https://www.pivotaltracker.com/services/v5/projects/2333386
D, [2019-05-02T15:15:32.357266 #13944] DEBUG -- response: Access-Control-Allow-Credentials: "false"
Access-Control-Allow-Headers: "X-TrackerToken,DNT,X-Mx-ReqToken,Keep-Alive,User-Agent,X-Requested-With,If-Modified-Since,Cache-Control,Content-Type,X-Tracker-Warn-Unless-Project-Version-Is"
Access-Control-Allow-Methods: "GET, POST, PUT, DELETE, OPTIONS"
Access-Control-Allow-Origin: "*"
Cache-Control: "max-age=0, private, must-revalidate"
Content-Type: "application/json; charset=utf-8"
Date: "Thu, 02 May 2019 09:45:32 GMT"
Etag: "W/\"9caea688c739fe51ce37cb537fe91b19\""
Server: "nginx + Phusion Passenger"
Status: "200 OK"
Strict-Transport-Security: "max-age=31536000; includeSubDomains; preload"
X-Content-Type-Options: "nosniff, nosniff"
X-Frame-Options: "SAMEORIGIN"
X-Powered-By: "Phusion Passenger"
X-Request-Id: "35a562d5-4992-48f9-913d-fe4a4364da80"
X-Runtime: "0.052890"
X-Tracker-Client-Pinger-Interval: "20"
X-Tracker-Project-Version: "5"
X-Vcap-Request-Id: "fe47843d-5358-42c1-7032-55c4182e5089"
X-Xss-Protection: "1; mode=block"
Content-Length: "725"
Via: "1.1 google"
Alt-Svc: "clear"
D, [2019-05-02T15:15:32.357577 #13944] DEBUG -- response.body: {"id":2333386,"kind":"project","name":"Test Personal","version":5,"iteration_length":1,"week_start_day":"Monday","point_scale":"0,1,2,3","point_scale_is_custom":false,"bugs_and_chores_are_estimatable":false,"automatic_planning":true,"enable_tasks":true,"time_zone":{"kind":"time_zone","olson_name":"America/Los_Angeles","offset":"-07:00"},"velocity_averaged_over":3,"number_of_done_iterations_to_show":4,"has_google_domain":false,"enable_incoming_emails":true,"initial_velocity":10,"public":false,"atom_enabled":false,"project_type":"private","start_time":"2019-04-29T07:00:00Z","created_at":"2019-04-25T10:02:19Z","updated_at":"2019-04-25T11:01:21Z","account_id":1092619,"current_iteration_number":1,"enable_following":true}
I, [2019-05-02T15:15:32.902784 #13944]  INFO -- : get => https://www.pivotaltracker.com/services/v5/projects
D, [2019-05-02T15:15:32.902972 #13944] DEBUG -- request: User-Agent: "Ruby/2.5.5 (x64-mingw32; ruby) TrackerApi/0.2.8 Faraday/0.9.2"
X-TrackerToken: "a05e0eb01f376934597be931d752a8c9"
D, [2019-05-02T15:15:32.903067 #13944] DEBUG -- request.body: nil
I, [2019-05-02T15:15:33.256827 #13944]  INFO -- : 200 <= https://www.pivotaltracker.com/services/v5/projects
D, [2019-05-02T15:15:33.257123 #13944] DEBUG -- response: Access-Control-Allow-Credentials: "false"
Access-Control-Allow-Headers: "X-TrackerToken,DNT,X-Mx-ReqToken,Keep-Alive,User-Agent,X-Requested-With,If-Modified-Since,Cache-Control,Content-Type,X-Tracker-Warn-Unless-Project-Version-Is"
Access-Control-Allow-Methods: "GET, POST, PUT, DELETE, OPTIONS"
Access-Control-Allow-Origin: "*"
Cache-Control: "max-age=0, private, must-revalidate"
Content-Type: "application/json; charset=utf-8"
Date: "Thu, 02 May 2019 09:45:33 GMT"
Etag: "W/\"70b058fed8a82035b4c04cbe186e2538\""
Server: "nginx + Phusion Passenger"
Status: "200 OK"
Strict-Transport-Security: "max-age=31536000; includeSubDomains; preload"
X-Content-Type-Options: "nosniff, nosniff"
X-Frame-Options: "SAMEORIGIN"
X-Powered-By: "Phusion Passenger"
X-Request-Id: "efdd4f68-861d-4e84-8a57-a3042f18a772"
X-Runtime: "0.046320"
X-Tracker-Client-Pinger-Interval: "20"
X-Vcap-Request-Id: "97d81721-465d-4963-6a5e-5c1df8b53148"
X-Xss-Protection: "1; mode=block"
Content-Length: "727"
Via: "1.1 google"
Alt-Svc: "clear"
D, [2019-05-02T15:15:33.257303 #13944] DEBUG -- response.body: [{"id":2333386,"kind":"project","name":"Test Personal","version":5,"iteration_length":1,"week_start_day":"Monday","point_scale":"0,1,2,3","point_scale_is_custom":false,"bugs_and_chores_are_estimatable":false,"automatic_planning":true,"enable_tasks":true,"time_zone":{"kind":"time_zone","olson_name":"America/Los_Angeles","offset":"-07:00"},"velocity_averaged_over":3,"number_of_done_iterations_to_show":4,"has_google_domain":false,"enable_incoming_emails":true,"initial_velocity":10,"public":false,"atom_enabled":false,"project_type":"private","start_time":"2019-04-29T07:00:00Z","created_at":"2019-04-25T10:02:19Z","updated_at":"2019-04-25T11:01:21Z","account_id":1092619,"current_iteration_number":1,"enable_following":true}]
I, [2019-05-02T15:16:21.203614 #4400]  INFO -- : get => https://www.pivotaltracker.com/services/v5/projects/2333386
D, [2019-05-02T15:16:21.203967 #4400] DEBUG -- request: User-Agent: "Ruby/2.5.5 (x64-mingw32; ruby) TrackerApi/0.2.8 Faraday/0.9.2"
X-TrackerToken: "a05e0eb01f376934597be931d752a8c9"
D, [2019-05-02T15:16:21.204179 #4400] DEBUG -- request.body: nil
I, [2019-05-02T15:16:21.567505 #4400]  INFO -- : 200 <= https://www.pivotaltracker.com/services/v5/projects/2333386
D, [2019-05-02T15:16:21.567687 #4400] DEBUG -- response: Access-Control-Allow-Credentials: "false"
Access-Control-Allow-Headers: "X-TrackerToken,DNT,X-Mx-ReqToken,Keep-Alive,User-Agent,X-Requested-With,If-Modified-Since,Cache-Control,Content-Type,X-Tracker-Warn-Unless-Project-Version-Is"
Access-Control-Allow-Methods: "GET, POST, PUT, DELETE, OPTIONS"
Access-Control-Allow-Origin: "*"
Cache-Control: "max-age=0, private, must-revalidate"
Content-Type: "application/json; charset=utf-8"
Date: "Thu, 02 May 2019 09:46:21 GMT"
Etag: "W/\"9caea688c739fe51ce37cb537fe91b19\""
Server: "nginx + Phusion Passenger"
Status: "200 OK"
Strict-Transport-Security: "max-age=31536000; includeSubDomains; preload"
X-Content-Type-Options: "nosniff, nosniff"
X-Frame-Options: "SAMEORIGIN"
X-Powered-By: "Phusion Passenger"
X-Request-Id: "814a8ce5-a8b9-4a12-9886-df49aeba82a7"
X-Runtime: "0.049589"
X-Tracker-Client-Pinger-Interval: "20"
X-Tracker-Project-Version: "5"
X-Vcap-Request-Id: "ee4dbad5-b528-44f9-777d-7d8c55b46280"
X-Xss-Protection: "1; mode=block"
Content-Length: "725"
Via: "1.1 google"
Alt-Svc: "clear"
D, [2019-05-02T15:16:21.567879 #4400] DEBUG -- response.body: {"id":2333386,"kind":"project","name":"Test Personal","version":5,"iteration_length":1,"week_start_day":"Monday","point_scale":"0,1,2,3","point_scale_is_custom":false,"bugs_and_chores_are_estimatable":false,"automatic_planning":true,"enable_tasks":true,"time_zone":{"kind":"time_zone","olson_name":"America/Los_Angeles","offset":"-07:00"},"velocity_averaged_over":3,"number_of_done_iterations_to_show":4,"has_google_domain":false,"enable_incoming_emails":true,"initial_velocity":10,"public":false,"atom_enabled":false,"project_type":"private","start_time":"2019-04-29T07:00:00Z","created_at":"2019-04-25T10:02:19Z","updated_at":"2019-04-25T11:01:21Z","account_id":1092619,"current_iteration_number":1,"enable_following":true}
I, [2019-05-02T15:16:22.099851 #4400]  INFO -- : get => https://www.pivotaltracker.com/services/v5/projects
D, [2019-05-02T15:16:22.100081 #4400] DEBUG -- request: User-Agent: "Ruby/2.5.5 (x64-mingw32; ruby) TrackerApi/0.2.8 Faraday/0.9.2"
X-TrackerToken: "a05e0eb01f376934597be931d752a8c9"
D, [2019-05-02T15:16:22.100248 #4400] DEBUG -- request.body: nil
I, [2019-05-02T15:16:22.476397 #4400]  INFO -- : 200 <= https://www.pivotaltracker.com/services/v5/projects
D, [2019-05-02T15:16:22.476662 #4400] DEBUG -- response: Access-Control-Allow-Credentials: "false"
Access-Control-Allow-Headers: "X-TrackerToken,DNT,X-Mx-ReqToken,Keep-Alive,User-Agent,X-Requested-With,If-Modified-Since,Cache-Control,Content-Type,X-Tracker-Warn-Unless-Project-Version-Is"
Access-Control-Allow-Methods: "GET, POST, PUT, DELETE, OPTIONS"
Access-Control-Allow-Origin: "*"
Cache-Control: "max-age=0, private, must-revalidate"
Content-Type: "application/json; charset=utf-8"
Date: "Thu, 02 May 2019 09:46:22 GMT"
Etag: "W/\"70b058fed8a82035b4c04cbe186e2538\""
Server: "nginx + Phusion Passenger"
Status: "200 OK"
Strict-Transport-Security: "max-age=31536000; includeSubDomains; preload"
X-Content-Type-Options: "nosniff, nosniff"
X-Frame-Options: "SAMEORIGIN"
X-Powered-By: "Phusion Passenger"
X-Request-Id: "1c158e76-084e-4f4b-b08c-e674ea8c16e1"
X-Runtime: "0.060039"
X-Tracker-Client-Pinger-Interval: "20"
X-Vcap-Request-Id: "c4364279-5d94-44e4-5ea5-13575e439971"
X-Xss-Protection: "1; mode=block"
Content-Length: "727"
Via: "1.1 google"
Alt-Svc: "clear"
D, [2019-05-02T15:16:22.477005 #4400] DEBUG -- response.body: [{"id":2333386,"kind":"project","name":"Test Personal","version":5,"iteration_length":1,"week_start_day":"Monday","point_scale":"0,1,2,3","point_scale_is_custom":false,"bugs_and_chores_are_estimatable":false,"automatic_planning":true,"enable_tasks":true,"time_zone":{"kind":"time_zone","olson_name":"America/Los_Angeles","offset":"-07:00"},"velocity_averaged_over":3,"number_of_done_iterations_to_show":4,"has_google_domain":false,"enable_incoming_emails":true,"initial_velocity":10,"public":false,"atom_enabled":false,"project_type":"private","start_time":"2019-04-29T07:00:00Z","created_at":"2019-04-25T10:02:19Z","updated_at":"2019-04-25T11:01:21Z","account_id":1092619,"current_iteration_number":1,"enable_following":true}]
I, [2019-05-02T15:30:44.836448 #256]  INFO -- : get => https://www.pivotaltracker.com/services/v5/projects/2333386
D, [2019-05-02T15:30:44.836741 #256] DEBUG -- request: User-Agent: "Ruby/2.5.5 (x64-mingw32; ruby) TrackerApi/0.2.8 Faraday/0.9.2"
X-TrackerToken: "a05e0eb01f376934597be931d752a8c9"
D, [2019-05-02T15:30:44.836867 #256] DEBUG -- request.body: nil
I, [2019-05-02T15:30:45.275484 #256]  INFO -- : 200 <= https://www.pivotaltracker.com/services/v5/projects/2333386
D, [2019-05-02T15:30:45.275771 #256] DEBUG -- response: Access-Control-Allow-Credentials: "false"
Access-Control-Allow-Headers: "X-TrackerToken,DNT,X-Mx-ReqToken,Keep-Alive,User-Agent,X-Requested-With,If-Modified-Since,Cache-Control,Content-Type,X-Tracker-Warn-Unless-Project-Version-Is"
Access-Control-Allow-Methods: "GET, POST, PUT, DELETE, OPTIONS"
Access-Control-Allow-Origin: "*"
Cache-Control: "max-age=0, private, must-revalidate"
Content-Type: "application/json; charset=utf-8"
Date: "Thu, 02 May 2019 10:00:45 GMT"
Etag: "W/\"9caea688c739fe51ce37cb537fe91b19\""
Server: "nginx + Phusion Passenger"
Status: "200 OK"
Strict-Transport-Security: "max-age=31536000; includeSubDomains; preload"
X-Content-Type-Options: "nosniff, nosniff"
X-Frame-Options: "SAMEORIGIN"
X-Powered-By: "Phusion Passenger"
X-Request-Id: "e666a7b2-180a-4047-a90f-4493b6d28150"
X-Runtime: "0.113166"
X-Tracker-Client-Pinger-Interval: "20"
X-Tracker-Project-Version: "5"
X-Vcap-Request-Id: "6478ec9e-d7c8-405d-443c-d82dc05130a1"
X-Xss-Protection: "1; mode=block"
Content-Length: "725"
Via: "1.1 google"
Alt-Svc: "clear"
D, [2019-05-02T15:30:45.276017 #256] DEBUG -- response.body: {"id":2333386,"kind":"project","name":"Test Personal","version":5,"iteration_length":1,"week_start_day":"Monday","point_scale":"0,1,2,3","point_scale_is_custom":false,"bugs_and_chores_are_estimatable":false,"automatic_planning":true,"enable_tasks":true,"time_zone":{"kind":"time_zone","olson_name":"America/Los_Angeles","offset":"-07:00"},"velocity_averaged_over":3,"number_of_done_iterations_to_show":4,"has_google_domain":false,"enable_incoming_emails":true,"initial_velocity":10,"public":false,"atom_enabled":false,"project_type":"private","start_time":"2019-04-29T07:00:00Z","created_at":"2019-04-25T10:02:19Z","updated_at":"2019-04-25T11:01:21Z","account_id":1092619,"current_iteration_number":1,"enable_following":true}
I, [2019-05-02T15:30:45.809540 #256]  INFO -- : get => https://www.pivotaltracker.com/services/v5/projects
D, [2019-05-02T15:30:45.809708 #256] DEBUG -- request: User-Agent: "Ruby/2.5.5 (x64-mingw32; ruby) TrackerApi/0.2.8 Faraday/0.9.2"
X-TrackerToken: "a05e0eb01f376934597be931d752a8c9"
D, [2019-05-02T15:30:45.809814 #256] DEBUG -- request.body: nil
I, [2019-05-02T15:30:46.174443 #256]  INFO -- : 200 <= https://www.pivotaltracker.com/services/v5/projects
D, [2019-05-02T15:30:46.174719 #256] DEBUG -- response: Access-Control-Allow-Credentials: "false"
Access-Control-Allow-Headers: "X-TrackerToken,DNT,X-Mx-ReqToken,Keep-Alive,User-Agent,X-Requested-With,If-Modified-Since,Cache-Control,Content-Type,X-Tracker-Warn-Unless-Project-Version-Is"
Access-Control-Allow-Methods: "GET, POST, PUT, DELETE, OPTIONS"
Access-Control-Allow-Origin: "*"
Cache-Control: "max-age=0, private, must-revalidate"
Content-Type: "application/json; charset=utf-8"
Date: "Thu, 02 May 2019 10:00:46 GMT"
Etag: "W/\"70b058fed8a82035b4c04cbe186e2538\""
Server: "nginx + Phusion Passenger"
Status: "200 OK"
Strict-Transport-Security: "max-age=31536000; includeSubDomains; preload"
X-Content-Type-Options: "nosniff, nosniff"
X-Frame-Options: "SAMEORIGIN"
X-Powered-By: "Phusion Passenger"
X-Request-Id: "e98b83e3-0375-43a7-8ce4-e6724930be73"
X-Runtime: "0.045290"
X-Tracker-Client-Pinger-Interval: "20"
X-Vcap-Request-Id: "58995613-cd5f-48b0-74d2-20e322081ab2"
X-Xss-Protection: "1; mode=block"
Content-Length: "727"
Via: "1.1 google"
Alt-Svc: "clear"
D, [2019-05-02T15:30:46.175015 #256] DEBUG -- response.body: [{"id":2333386,"kind":"project","name":"Test Personal","version":5,"iteration_length":1,"week_start_day":"Monday","point_scale":"0,1,2,3","point_scale_is_custom":false,"bugs_and_chores_are_estimatable":false,"automatic_planning":true,"enable_tasks":true,"time_zone":{"kind":"time_zone","olson_name":"America/Los_Angeles","offset":"-07:00"},"velocity_averaged_over":3,"number_of_done_iterations_to_show":4,"has_google_domain":false,"enable_incoming_emails":true,"initial_velocity":10,"public":false,"atom_enabled":false,"project_type":"private","start_time":"2019-04-29T07:00:00Z","created_at":"2019-04-25T10:02:19Z","updated_at":"2019-04-25T11:01:21Z","account_id":1092619,"current_iteration_number":1,"enable_following":true}]
